{"recorder_version":"11","session":"f4f6a42a4c2d","build":"191.7479.19","bucket":"98","time":1569476276098,"group":{"id":"settings","version":"2"},"event":{"state":true,"data":{"created":1569476276099,"invoked":true},"id":"NotRoamableUiSettings"}}
{"recorder_version":"11","session":"f4f6a42a4c2d","build":"191.7479.19","bucket":"98","time":1569476276108,"group":{"id":"settings","version":"2"},"event":{"state":true,"data":{"created":1569476276127,"invoked":true},"id":"UISettings"}}
{"recorder_version":"11","session":"f4f6a42a4c2d","build":"191.7479.19","bucket":"98","time":1569476276114,"group":{"id":"system.os","version":"1"},"event":{"state":true,"data":{"created":1569476276152,"version":"10.14"},"id":"Mac"}}
{"recorder_version":"11","session":"f4f6a42a4c2d","build":"191.7479.19","bucket":"98","time":1569476276114,"group":{"id":"system.os","version":"1"},"event":{"state":true,"data":{"created":1569476276153},"id":"invoked"}}
{"recorder_version":"11","session":"f4f6a42a4c2d","build":"191.7479.19","bucket":"98","time":1569476276114,"group":{"id":"system.java","version":"1"},"event":{"state":true,"data":{"created":1569476276154,"version":"1.8"},"id":"Other"}}
{"recorder_version":"11","session":"f4f6a42a4c2d","build":"191.7479.19","bucket":"98","time":1569476276114,"group":{"id":"system.java","version":"1"},"event":{"state":true,"data":{"created":1569476276154},"id":"invoked"}}
{"recorder_version":"11","session":"f4f6a42a4c2d","build":"191.7479.19","bucket":"98","time":1569476277817,"group":{"id":"settings","version":"2"},"event":{"state":true,"data":{"created":1569476277818,"invoked":true},"id":"GeneralSettings"}}
{"recorder_version":"11","session":"f4f6a42a4c2d","build":"191.7479.19","bucket":"98","time":1569476281479,"group":{"id":"performance","version":"11"},"event":{"count":1,"data":{"duration_ms":3063,"created":1569476281479},"id":"ui.latency"}}
{"recorder_version":"11","session":"f4f6a42a4c2d","build":"191.7479.19","bucket":"98","time":1569476281479,"group":{"id":"performance","version":"11"},"event":{"count":1,"data":{"duration_ms":3063,"created":1569476281480},"id":"ui.lagging"}}
{"recorder_version":"11","session":"f4f6a42a4c2d","build":"191.7479.19","bucket":"98","time":1569476281479,"group":{"id":"performance","version":"11"},"event":{"count":1,"data":{"duration_ms":2069,"created":1569476281480},"id":"ui.lagging"}}
{"recorder_version":"11","session":"f4f6a42a4c2d","build":"191.7479.19","bucket":"98","time":1569476281479,"group":{"id":"performance","version":"11"},"event":{"count":1,"data":{"duration_ms":1066,"created":1569476281481},"id":"ui.lagging"}}
{"recorder_version":"11","session":"f4f6a42a4c2d","build":"191.7479.19","bucket":"98","time":1569476281853,"group":{"id":"ui.dialogs","version":"11"},"event":{"count":1,"data":{"created":1569476281853,"plugin_type":"PLATFORM","type":"show"},"id":"com.intellij.openapi.progress.util.ProgressDialog$MyDialogWrapper"}}
{"recorder_version":"11","session":"f4f6a42a4c2d","build":"191.7479.19","bucket":"98","time":1569476286403,"group":{"id":"ui.dialogs","version":"11"},"event":{"count":1,"data":{"code":1,"created":1569476286403,"plugin_type":"PLATFORM","type":"close"},"id":"com.intellij.openapi.progress.util.ProgressDialog$MyDialogWrapper"}}
{"recorder_version":"11","session":"f4f6a42a4c2d","build":"191.7479.19","bucket":"98","time":1569476286428,"group":{"id":"lifecycle","version":"11"},"event":{"count":1,"data":{"created":1569476286428,"project":"507080182588d848f5cbf80d78162dd7dda88d61f119508b82a9005c90685309"},"id":"project.opened"}}
{"recorder_version":"11","session":"f4f6a42a4c2d","build":"191.7479.19","bucket":"98","time":1569476290152,"group":{"id":"performance","version":"11"},"event":{"count":1,"data":{"duration_ms":3724,"created":1569476290152},"id":"ui.lagging"}}
{"recorder_version":"11","session":"f4f6a42a4c2d","build":"191.7479.19","bucket":"98","time":1569476290189,"group":{"id":"performance","version":"11"},"event":{"count":1,"data":{"duration_ms":2756,"created":1569476290189},"id":"ui.lagging"}}
{"recorder_version":"11","session":"f4f6a42a4c2d","build":"191.7479.19","bucket":"98","time":1569476290189,"group":{"id":"performance","version":"11"},"event":{"count":1,"data":{"duration_ms":1753,"created":1569476290189},"id":"ui.lagging"}}
{"recorder_version":"11","session":"f4f6a42a4c2d","build":"191.7479.19","bucket":"98","time":1569476290189,"group":{"id":"performance","version":"11"},"event":{"count":1,"data":{"duration_ms":750,"created":1569476290190},"id":"ui.lagging"}}
{"recorder_version":"11","session":"f4f6a42a4c2d","build":"191.7479.19","bucket":"98","time":1569476290222,"group":{"id":"ui.dialogs","version":"11"},"event":{"count":1,"data":{"created":1569476290222,"plugin_type":"PLATFORM","type":"show"},"id":"com.intellij.openapi.progress.util.ProgressDialog$MyDialogWrapper"}}
{"recorder_version":"11","session":"f4f6a42a4c2d","build":"191.7479.19","bucket":"98","time":1569476291665,"group":{"id":"performance","version":"11"},"event":{"count":1,"data":{"duration_ms":220,"created":1569476291665},"id":"ui.lagging"}}
{"recorder_version":"11","session":"f4f6a42a4c2d","build":"191.7479.19","bucket":"98","time":1569476292189,"group":{"id":"toolwindow","version":"11"},"event":{"count":1,"data":{"os":"Mac","created":1569476292189,"plugin_type":"PLATFORM"},"id":"Project"}}
{"recorder_version":"11","session":"f4f6a42a4c2d","build":"191.7479.19","bucket":"98","time":1569476292837,"group":{"id":"performance","version":"11"},"event":{"count":1,"data":{"duration_ms":391,"created":1569476292837},"id":"ui.lagging"}}
{"recorder_version":"11","session":"f4f6a42a4c2d","build":"191.7479.19","bucket":"98","time":1569476292989,"group":{"id":"ui.tips","version":"1"},"event":{"count":1,"data":{"created":1569476292989},"id":"shown.automatically"}}
{"recorder_version":"11","session":"f4f6a42a4c2d","build":"191.7479.19","bucket":"98","time":1569476293109,"group":{"id":"ui.dialogs","version":"11"},"event":{"count":1,"data":{"created":1569476293109,"plugin_type":"PLATFORM","type":"show"},"id":"com.intellij.ide.util.TipDialog"}}
{"recorder_version":"11","session":"f4f6a42a4c2d","build":"191.7479.19","bucket":"98","time":1569476293781,"group":{"id":"lifecycle","version":"11"},"event":{"count":1,"data":{"internal":true,"eap":false,"created":1569476293781},"id":"ide.start"}}
{"recorder_version":"11","session":"f4f6a42a4c2d","build":"191.7479.19","bucket":"98","time":1569476294013,"group":{"id":"performance","version":"11"},"event":{"count":1,"data":{"duration_ms":272,"created":1569476294013},"id":"ui.lagging"}}
{"recorder_version":"11","session":"f4f6a42a4c2d","build":"191.7479.19","bucket":"98","time":1569476294932,"group":{"id":"project.fs","version":"1"},"event":{"state":true,"data":{"os":"Mac","cs-project":false,"created":1569476294932,"project":"507080182588d848f5cbf80d78162dd7dda88d61f119508b82a9005c90685309","cs-implicit":true,"cs-system":false},"id":"case-sensitivity"}}
{"recorder_version":"11","session":"f4f6a42a4c2d","build":"191.7479.19","bucket":"98","time":1569476294932,"group":{"id":"project.fs","version":"1"},"event":{"state":true,"data":{"created":1569476294933},"id":"invoked"}}
{"recorder_version":"11","session":"f4f6a42a4c2d","build":"191.7479.19","bucket":"98","time":1569476294933,"group":{"id":"project.fs","version":"1"},"event":{"state":true,"data":{"pct-non-watched":0,"created":1569476294933,"project":"507080182588d848f5cbf80d78162dd7dda88d61f119508b82a9005c90685309"},"id":"roots-watched"}}
{"recorder_version":"11","session":"f4f6a42a4c2d","build":"191.7479.19","bucket":"98","time":1569476294933,"group":{"id":"project.fs","version":"1"},"event":{"state":true,"data":{"created":1569476294934},"id":"invoked"}}
{"recorder_version":"11","session":"f4f6a42a4c2d","build":"191.7479.19","bucket":"98","time":1569476295200,"group":{"id":"ui.dialogs","version":"11"},"event":{"count":1,"data":{"code":1,"created":1569476295200,"plugin_type":"PLATFORM","type":"close"},"id":"com.intellij.openapi.progress.util.ProgressDialog$MyDialogWrapper"}}
{"recorder_version":"11","session":"f4f6a42a4c2d","build":"191.7479.19","bucket":"98","time":1569476295391,"group":{"id":"lifecycle","version":"11"},"event":{"count":1,"data":{"created":1569476295391,"time_ms":14069,"project":"507080182588d848f5cbf80d78162dd7dda88d61f119508b82a9005c90685309"},"id":"project.opening.finished"}}
{"recorder_version":"11","session":"f4f6a42a4c2d","build":"191.7479.19","bucket":"98","time":1569476296248,"group":{"id":"performance","version":"11"},"event":{"count":1,"data":{"duration_ms":505,"created":1569476296248},"id":"ui.lagging"}}
{"recorder_version":"11","session":"f4f6a42a4c2d","build":"191.7479.19","bucket":"98","time":1569476297305,"group":{"id":"performance","version":"11"},"event":{"count":1,"data":{"duration_ms":561,"created":1569476297305},"id":"ui.lagging"}}
{"recorder_version":"11","session":"f4f6a42a4c2d","build":"191.7479.19","bucket":"98","time":1569476297937,"group":{"id":"performance","version":"11"},"event":{"count":1,"data":{"duration_ms":193,"created":1569476297937},"id":"ui.lagging"}}
{"recorder_version":"11","session":"f4f6a42a4c2d","build":"191.7479.19","bucket":"98","time":1569476319697,"group":{"id":"ui.dialogs","version":"11"},"event":{"count":1,"data":{"code":1,"created":1569476319697,"plugin_type":"PLATFORM","type":"close"},"id":"com.intellij.ide.util.TipDialog"}}
{"recorder_version":"11","session":"f4f6a42a4c2d","build":"191.7479.19","bucket":"98","time":1569476320336,"group":{"id":"performance","version":"11"},"event":{"count":1,"data":{"duration_ms":556,"created":1569476320336},"id":"ui.lagging"}}
{"recorder_version":"11","session":"f4f6a42a4c2d","build":"191.7479.19","bucket":"98","time":1569476320954,"group":{"id":"performance","version":"11"},"event":{"count":1,"data":{"duration_ms":173,"created":1569476320954},"id":"ui.lagging"}}
{"recorder_version":"11","session":"f4f6a42a4c2d","build":"191.7479.19","bucket":"98","time":1569476321932,"group":{"id":"performance","version":"11"},"event":{"count":1,"data":{"duration_ms":143,"created":1569476321932},"id":"ui.lagging"}}
{"recorder_version":"11","session":"f4f6a42a4c2d","build":"191.7479.19","bucket":"98","time":1569476323172,"group":{"id":"performance","version":"11"},"event":{"count":1,"data":{"duration_ms":378,"created":1569476323172},"id":"ui.lagging"}}
{"recorder_version":"11","session":"f4f6a42a4c2d","build":"191.7479.19","bucket":"98","time":1569476328053,"group":{"id":"ui.dialogs","version":"11"},"event":{"count":1,"data":{"created":1569476328053,"plugin_type":"PLATFORM","type":"show"},"id":"com.intellij.openapi.options.newEditor.SettingsDialog"}}
{"recorder_version":"11","session":"f4f6a42a4c2d","build":"191.7479.19","bucket":"98","time":1569476328379,"group":{"id":"performance","version":"11"},"event":{"count":1,"data":{"duration_ms":1582,"created":1569476328379},"id":"ui.lagging"}}
{"recorder_version":"11","session":"f4f6a42a4c2d","build":"191.7479.19","bucket":"98","time":1569476328381,"group":{"id":"performance","version":"11"},"event":{"count":1,"data":{"duration_ms":583,"created":1569476328381},"id":"ui.lagging"}}
{"recorder_version":"11","session":"f4f6a42a4c2d","build":"191.7479.19","bucket":"98","time":1569476331116,"group":{"id":"performance","version":"11"},"event":{"count":1,"data":{"duration_ms":316,"created":1569476331117},"id":"ui.lagging"}}
{"recorder_version":"11","session":"f4f6a42a4c2d","build":"191.7479.19","bucket":"98","time":1569476353882,"group":{"id":"ui.dialogs","version":"11"},"event":{"count":1,"data":{"code":1,"created":1569476353882,"plugin_type":"PLATFORM","type":"close"},"id":"com.intellij.openapi.options.newEditor.SettingsDialog"}}
{"recorder_version":"11","session":"f4f6a42a4c2d","build":"191.7479.19","bucket":"98","time":1569476356533,"group":{"id":"performance","version":"11"},"event":{"count":1,"data":{"duration_ms":694,"created":1569476356533},"id":"ui.lagging"}}
